@!@!@STARTMSG 2262:0 @!@!@
TLC2 Version 2.18 of Day Month 20?? (rev: 03c7bf4)
@!@!@ENDMSG 2262 @!@!@
@!@!@STARTMSG 2187:0 @!@!@
Running breadth-first search Model-Checking with fp 82 and seed 5024667948386054127 with 4 workers on 8 cores with 1214MB heap and 2730MB offheap memory [pid: 86100] (Mac OS X 10.16 x86_64, AdoptOpenJDK 14.0.1 x86_64, OffHeapDiskFPSet, DiskStateQueue).
@!@!@ENDMSG 2187 @!@!@
@!@!@STARTMSG 2220:0 @!@!@
Starting SANY...
@!@!@ENDMSG 2220 @!@!@
Parsing file /Users/noghartt/dev/tlaplus/wire/Wire.toolbox/Wire_model/MC.tla
Parsing file /Users/noghartt/dev/tlaplus/wire/Wire.toolbox/Wire_model/wire.tla
Parsing file /private/var/folders/53/mgr2sg5j4_328ffk_7mh0d800000gn/T/AppTranslocation/9E7D77C5-58BC-4577-BD25-7D03878F7016/d/TLA+ Toolbox.app/Contents/Eclipse/plugins/org.lamport.tlatools_1.0.0.202404201332/tla2sany/StandardModules/TLC.tla
Parsing file /private/var/folders/53/mgr2sg5j4_328ffk_7mh0d800000gn/T/AppTranslocation/9E7D77C5-58BC-4577-BD25-7D03878F7016/d/TLA+ Toolbox.app/Contents/Eclipse/plugins/org.lamport.tlatools_1.0.0.202404201332/tla2sany/StandardModules/Integers.tla
Parsing file /private/var/folders/53/mgr2sg5j4_328ffk_7mh0d800000gn/T/AppTranslocation/9E7D77C5-58BC-4577-BD25-7D03878F7016/d/TLA+ Toolbox.app/Contents/Eclipse/plugins/org.lamport.tlatools_1.0.0.202404201332/tla2sany/StandardModules/Naturals.tla
Parsing file /private/var/folders/53/mgr2sg5j4_328ffk_7mh0d800000gn/T/AppTranslocation/9E7D77C5-58BC-4577-BD25-7D03878F7016/d/TLA+ Toolbox.app/Contents/Eclipse/plugins/org.lamport.tlatools_1.0.0.202404201332/tla2sany/StandardModules/Sequences.tla
Parsing file /private/var/folders/53/mgr2sg5j4_328ffk_7mh0d800000gn/T/AppTranslocation/9E7D77C5-58BC-4577-BD25-7D03878F7016/d/TLA+ Toolbox.app/Contents/Eclipse/plugins/org.lamport.tlatools_1.0.0.202404201332/tla2sany/StandardModules/FiniteSets.tla
Semantic processing of module Naturals
Semantic processing of module Sequences
Semantic processing of module FiniteSets
Semantic processing of module TLC
Semantic processing of module Integers
Semantic processing of module wire
Semantic processing of module MC
@!@!@STARTMSG 2219:0 @!@!@
SANY finished.
@!@!@ENDMSG 2219 @!@!@
@!@!@STARTMSG 2185:0 @!@!@
Starting... (2024-04-21 01:15:54)
@!@!@ENDMSG 2185 @!@!@
@!@!@STARTMSG 2189:0 @!@!@
Computing initial states...
@!@!@ENDMSG 2189 @!@!@
@!@!@STARTMSG 2269:0 @!@!@
Computed 2 initial states...
@!@!@ENDMSG 2269 @!@!@
@!@!@STARTMSG 2269:0 @!@!@
Computed 4 initial states...
@!@!@ENDMSG 2269 @!@!@
@!@!@STARTMSG 2269:0 @!@!@
Computed 8 initial states...
@!@!@ENDMSG 2269 @!@!@
@!@!@STARTMSG 2269:0 @!@!@
Computed 16 initial states...
@!@!@ENDMSG 2269 @!@!@
@!@!@STARTMSG 2269:0 @!@!@
Computed 32 initial states...
@!@!@ENDMSG 2269 @!@!@
@!@!@STARTMSG 2269:0 @!@!@
Computed 64 initial states...
@!@!@ENDMSG 2269 @!@!@
@!@!@STARTMSG 2269:0 @!@!@
Computed 128 initial states...
@!@!@ENDMSG 2269 @!@!@
@!@!@STARTMSG 2269:0 @!@!@
Computed 256 initial states...
@!@!@ENDMSG 2269 @!@!@
@!@!@STARTMSG 2269:0 @!@!@
Computed 512 initial states...
@!@!@ENDMSG 2269 @!@!@
@!@!@STARTMSG 2269:0 @!@!@
Computed 1024 initial states...
@!@!@ENDMSG 2269 @!@!@
@!@!@STARTMSG 2269:0 @!@!@
Computed 2048 initial states...
@!@!@ENDMSG 2269 @!@!@
@!@!@STARTMSG 2269:0 @!@!@
Computed 4096 initial states...
@!@!@ENDMSG 2269 @!@!@
@!@!@STARTMSG 2269:0 @!@!@
Computed 8192 initial states...
@!@!@ENDMSG 2269 @!@!@
@!@!@STARTMSG 2269:0 @!@!@
Computed 16384 initial states...
@!@!@ENDMSG 2269 @!@!@
@!@!@STARTMSG 2269:0 @!@!@
Computed 32768 initial states...
@!@!@ENDMSG 2269 @!@!@
@!@!@STARTMSG 2190:0 @!@!@
Finished computing initial states: 40000 distinct states generated at 2024-04-21 01:15:55.
@!@!@ENDMSG 2190 @!@!@
@!@!@STARTMSG 2110:1 @!@!@
Invariant NoOverdrafts is violated.
@!@!@ENDMSG 2110 @!@!@
@!@!@STARTMSG 2121:1 @!@!@
The behavior up to this point is:
@!@!@ENDMSG 2121 @!@!@
@!@!@STARTMSG 2217:4 @!@!@
1: <Initial predicate>
/\ acct = [alice |-> 1, bob |-> 1]
/\ amnt = <<1, 1>>
/\ to = <<"bob", "alice">>
/\ from = <<"alice", "alice">>
/\ pc = <<"Check", "Check">>

@!@!@ENDMSG 2217 @!@!@
@!@!@STARTMSG 2217:4 @!@!@
2: <Check(2) line 55, col 16 to line 59, col 54 of module wire>
/\ acct = [alice |-> 1, bob |-> 1]
/\ amnt = <<1, 1>>
/\ to = <<"bob", "alice">>
/\ from = <<"alice", "alice">>
/\ pc = <<"Check", "Withdraw">>

@!@!@ENDMSG 2217 @!@!@
@!@!@STARTMSG 2217:4 @!@!@
3: <Check(1) line 55, col 16 to line 59, col 54 of module wire>
/\ acct = [alice |-> 1, bob |-> 1]
/\ amnt = <<1, 1>>
/\ to = <<"bob", "alice">>
/\ from = <<"alice", "alice">>
/\ pc = <<"Withdraw", "Withdraw">>

@!@!@ENDMSG 2217 @!@!@
@!@!@STARTMSG 2217:4 @!@!@
4: <Withdraw(2) line 61, col 19 to line 64, col 51 of module wire>
/\ acct = [alice |-> 0, bob |-> 1]
/\ amnt = <<1, 1>>
/\ to = <<"bob", "alice">>
/\ from = <<"alice", "alice">>
/\ pc = <<"Withdraw", "Deposit">>

@!@!@ENDMSG 2217 @!@!@
@!@!@STARTMSG 2217:4 @!@!@
5: <Withdraw(1) line 61, col 19 to line 64, col 51 of module wire>
/\ acct = [alice |-> -1, bob |-> 1]
/\ amnt = <<1, 1>>
/\ to = <<"bob", "alice">>
/\ from = <<"alice", "alice">>
/\ pc = <<"Deposit", "Deposit">>

@!@!@ENDMSG 2217 @!@!@
@!@!@STARTMSG 2201:0 @!@!@
The coverage statistics at 2024-04-21 01:15:58
@!@!@ENDMSG 2201 @!@!@
@!@!@STARTMSG 2773:0 @!@!@
<Init line 47, col 1 to line 47, col 4 of module wire>: 240000:240000
@!@!@ENDMSG 2773 @!@!@
@!@!@STARTMSG 2775:0 @!@!@
  line 48, col 21 to line 48, col 37 of module wire: 6:1200
@!@!@ENDMSG 2775 @!@!@
@!@!@STARTMSG 2221:0 @!@!@
  |line 48, col 22 to line 48, col 27 of module wire: 6
@!@!@ENDMSG 2221 @!@!@
@!@!@STARTMSG 2221:0 @!@!@
  |line 48, col 32 to line 48, col 36 of module wire: 6
@!@!@ENDMSG 2221 @!@!@
@!@!@STARTMSG 2775:0 @!@!@
  line 50, col 21 to line 50, col 45 of module wire: 600:30000
@!@!@ENDMSG 2775 @!@!@
@!@!@STARTMSG 2221:0 @!@!@
  |line 50, col 22 to line 50, col 36 of module wire: 600
@!@!@ENDMSG 2221 @!@!@
@!@!@STARTMSG 2221:0 @!@!@
  |line 50, col 41 to line 50, col 44 of module wire: 600
@!@!@ENDMSG 2221 @!@!@
@!@!@STARTMSG 2775:0 @!@!@
  line 51, col 21 to line 51, col 47 of module wire: 15000:120000
@!@!@ENDMSG 2775 @!@!@
@!@!@STARTMSG 2221:0 @!@!@
  |line 51, col 22 to line 51, col 36 of module wire: 15000
@!@!@ENDMSG 2221 @!@!@
@!@!@STARTMSG 2221:0 @!@!@
  |line 51, col 41 to line 51, col 46 of module wire: 15000
@!@!@ENDMSG 2221 @!@!@
@!@!@STARTMSG 2775:0 @!@!@
  line 52, col 19 to line 52, col 45 of module wire: 60000:480000
@!@!@ENDMSG 2775 @!@!@
@!@!@STARTMSG 2221:0 @!@!@
  |line 52, col 20 to line 52, col 34 of module wire: 60000
@!@!@ENDMSG 2221 @!@!@
@!@!@STARTMSG 2221:0 @!@!@
  |line 52, col 39 to line 52, col 44 of module wire: 60000
@!@!@ENDMSG 2221 @!@!@
@!@!@STARTMSG 2221:0 @!@!@
  line 53, col 12 to line 53, col 46 of module wire: 240000
@!@!@ENDMSG 2221 @!@!@
@!@!@STARTMSG 2775:0 @!@!@
  |line 53, col 17 to line 53, col 46 of module wire: 240000:480000
@!@!@ENDMSG 2775 @!@!@
@!@!@STARTMSG 2221:0 @!@!@
  ||line 53, col 27 to line 53, col 33 of module wire: 240000
@!@!@ENDMSG 2221 @!@!@
@!@!@STARTMSG 2772:0 @!@!@
<Check line 55, col 1 to line 55, col 11 of module wire>: 149227:224013
@!@!@ENDMSG 2772 @!@!@
@!@!@STARTMSG 2221:0 @!@!@
  line 55, col 19 to line 55, col 36 of module wire: 672057
@!@!@ENDMSG 2221 @!@!@
@!@!@STARTMSG 2221:0 @!@!@
  |line 55, col 19 to line 55, col 26 of module wire: 448044
@!@!@ENDMSG 2221 @!@!@
@!@!@STARTMSG 2221:0 @!@!@
  line 56, col 22 to line 56, col 51 of module wire: 224013
@!@!@ENDMSG 2221 @!@!@
@!@!@STARTMSG 2221:0 @!@!@
  line 57, col 27 to line 57, col 67 of module wire: 173613
@!@!@ENDMSG 2221 @!@!@
@!@!@STARTMSG 2221:0 @!@!@
  line 58, col 27 to line 58, col 63 of module wire: 50400
@!@!@ENDMSG 2221 @!@!@
@!@!@STARTMSG 2221:0 @!@!@
  line 59, col 19 to line 59, col 54 of module wire: 224013
@!@!@ENDMSG 2221 @!@!@
@!@!@STARTMSG 2772:0 @!@!@
<Withdraw line 61, col 1 to line 61, col 14 of module wire>: 107577:128022
@!@!@ENDMSG 2772 @!@!@
@!@!@STARTMSG 2221:0 @!@!@
  line 61, col 22 to line 61, col 42 of module wire: 576052
@!@!@ENDMSG 2221 @!@!@
@!@!@STARTMSG 2221:0 @!@!@
  |line 61, col 22 to line 61, col 29 of module wire: 448034
@!@!@ENDMSG 2221 @!@!@
@!@!@STARTMSG 2221:0 @!@!@
  line 62, col 22 to line 62, col 88 of module wire: 128018
@!@!@ENDMSG 2221 @!@!@
@!@!@STARTMSG 2221:0 @!@!@
  |line 62, col 30 to line 62, col 88 of module wire: 128022
@!@!@ENDMSG 2221 @!@!@
@!@!@STARTMSG 2221:0 @!@!@
  line 63, col 22 to line 63, col 58 of module wire: 128018
@!@!@ENDMSG 2221 @!@!@
@!@!@STARTMSG 2221:0 @!@!@
  |line 63, col 28 to line 63, col 58 of module wire: 128022
@!@!@ENDMSG 2221 @!@!@
@!@!@STARTMSG 2221:0 @!@!@
  line 64, col 22 to line 64, col 51 of module wire: 128018
@!@!@ENDMSG 2221 @!@!@
@!@!@STARTMSG 2772:0 @!@!@
<Deposit line 66, col 1 to line 66, col 13 of module wire>: 59205:64007
@!@!@ENDMSG 2772 @!@!@
@!@!@STARTMSG 2221:0 @!@!@
  line 66, col 21 to line 66, col 40 of module wire: 512027
@!@!@ENDMSG 2221 @!@!@
@!@!@STARTMSG 2221:0 @!@!@
  |line 66, col 21 to line 66, col 28 of module wire: 448020
@!@!@ENDMSG 2221 @!@!@
@!@!@STARTMSG 2221:0 @!@!@
  line 67, col 21 to line 67, col 83 of module wire: 64007
@!@!@ENDMSG 2221 @!@!@
@!@!@STARTMSG 2221:0 @!@!@
  line 68, col 21 to line 68, col 54 of module wire: 64007
@!@!@ENDMSG 2221 @!@!@
@!@!@STARTMSG 2221:0 @!@!@
  line 69, col 21 to line 69, col 50 of module wire: 64007
@!@!@ENDMSG 2221 @!@!@
@!@!@STARTMSG 2772:0 @!@!@
<Terminating line 74, col 1 to line 74, col 11 of module wire>: 0:3200
@!@!@ENDMSG 2772 @!@!@
@!@!@STARTMSG 2221:0 @!@!@
  line 74, col 40 to line 74, col 56 of module wire: 246405
@!@!@ENDMSG 2221 @!@!@
@!@!@STARTMSG 2221:0 @!@!@
  |line 74, col 40 to line 74, col 47 of module wire: 240005
@!@!@ENDMSG 2221 @!@!@
@!@!@STARTMSG 2221:0 @!@!@
  line 74, col 31 to line 74, col 37 of module wire: 224004
@!@!@ENDMSG 2221 @!@!@
@!@!@STARTMSG 2221:0 @!@!@
  line 75, col 19 to line 75, col 32 of module wire: 3200
@!@!@ENDMSG 2221 @!@!@
@!@!@STARTMSG 2774:0 @!@!@
<NoOverdrafts line 37, col 1 to line 37, col 12 of module wire>
@!@!@ENDMSG 2774 @!@!@
@!@!@STARTMSG 2221:0 @!@!@
  line 38, col 3 to line 39, col 16 of module wire: 356009
@!@!@ENDMSG 2221 @!@!@
@!@!@STARTMSG 2221:0 @!@!@
  |line 39, col 5 to line 39, col 16 of module wire: 712014
@!@!@ENDMSG 2221 @!@!@
@!@!@STARTMSG 2221:0 @!@!@
  |line 38, col 12 to line 38, col 17 of module wire: 356009
@!@!@ENDMSG 2221 @!@!@
@!@!@STARTMSG 2202:0 @!@!@
End of statistics.
@!@!@ENDMSG 2202 @!@!@
@!@!@STARTMSG 2200:0 @!@!@
Progress(5) at 2024-04-21 01:15:58: 459,212 states generated (5,240,152 s/min), 356,009 distinct states found (4,062,483 ds/min), 131,997 states left on queue.
@!@!@ENDMSG 2200 @!@!@
@!@!@STARTMSG 2199:0 @!@!@
459212 states generated, 356009 distinct states found, 131997 states left on queue.
@!@!@ENDMSG 2199 @!@!@
@!@!@STARTMSG 2194:0 @!@!@
The depth of the complete state graph search is 5.
@!@!@ENDMSG 2194 @!@!@
@!@!@STARTMSG 2186:0 @!@!@
Finished in 5279ms at (2024-04-21 01:15:58)
@!@!@ENDMSG 2186 @!@!@
